<?xml version="1.0" encoding="UTF-8"?>
<!-- Generated by org.testng.reporters.JUnitReportReporter -->
<testsuite hostname="Shamanth" failures="0" tests="2" name="masudeomvn.Mavenjava.RestAPI" time="0.002" errors="0" timestamp="2024-02-07T13:36:11 IST" skipped="0">
  <testcase classname="masudeomvn.Mavenjava.RestAPI" name="deleteTwitter" time="0.001"/>
  <testcase classname="masudeomvn.Mavenjava.RestAPI" name="postJira" time="0.001"/>
</testsuite> <!-- masudeomvn.Mavenjava.RestAPI -->
