<?xml version="1.0" encoding="UTF-8"?>
<!-- Generated by org.testng.reporters.JUnitReportReporter -->
<testsuite hostname="Shamanth" failures="0" tests="2" name="masudeomvn.Mavenjava.Rest" time="0.020" errors="0" timestamp="2024-02-07T14:58:19 IST" skipped="0">
  <testcase classname="masudeomvn.Mavenjava.Rest" name="deleteTwitter" time="0.009"/>
  <testcase classname="masudeomvn.Mavenjava.Rest" name="postJira" time="0.011"/>
</testsuite> <!-- masudeomvn.Mavenjava.Rest -->
