<?xml version="1.0" encoding="UTF-8"?>
<!-- Generated by org.testng.reporters.JUnitReportReporter -->
<testsuite hostname="Shamanth" failures="0" tests="2" name="masudeomvn.Mavenjava.AppiumTest" time="0.015" errors="0" timestamp="2024-02-07T14:58:19 IST" skipped="0">
  <testcase classname="masudeomvn.Mavenjava.AppiumTest" name="iOSAPP" time="0.009"/>
  <testcase classname="masudeomvn.Mavenjava.AppiumTest" name="nativeAPPAndroid" time="0.006"/>
</testsuite> <!-- masudeomvn.Mavenjava.AppiumTest -->
