<?xml version="1.0" encoding="UTF-8"?>
<!-- Generated by org.testng.reporters.JUnitReportReporter -->
<testsuite hostname="Shamanth" failures="0" tests="2" name="masudeomvn.Mavenjava.AppiumTest" time="0.002" errors="0" timestamp="2024-02-07T15:45:43 IST" skipped="0">
  <testcase classname="masudeomvn.Mavenjava.AppiumTest" name="nativeAPPAndroid" time="0.001"/>
  <testcase classname="masudeomvn.Mavenjava.AppiumTest" name="iOSAPP" time="0.001"/>
</testsuite> <!-- masudeomvn.Mavenjava.AppiumTest -->
